  PrimitiveDrawer.cpp
  Sprite.cpp
  Triangle.cpp
  AnimetionClip.cpp
  Animetor.cpp
  Material.cpp
  Mesh.cpp
  PBRMaterial.cpp
  RenderTexture.cpp
  Skeleton.cpp
  Skinning.cpp
  TransformationMatrix.cpp
  ViewProjection.cpp
  WorldTransform.cpp
  Audio.cpp
  BoxCollider.cpp
  BaseCSResource.cpp
  ComputeShader.cpp
  ComputeShaderPipeline.cpp
  DepthOfField.cpp
  GaussianBlur.cpp
  GrayScale.cpp
  DescriptorAllocator.cpp
  DescriptorHeap.cpp
  DescriptorSize.cpp
  DirectXCommands.cpp
  DirectXCommon.cpp
  DirectXCompiler.cpp
  DirectXDevice.cpp
  Blend.cpp
  GraphicsPipelines.cpp
C:\Users\81801\source\repos\LC2\CG2\DirectX12\Project\Engine\DirectX\Descriptor\DescriptorAllocator.cpp(14,27): warning C4018: '<': signed と unsigned の数値を比較しようとしました。
  InputLayout.cpp
  Pipeline.cpp
  PrimitivePipeline.cpp
  RootSignature.cpp
  RootSignatureBuilder.cpp
  RenderTarget.cpp
  Engine.cpp
  BaseGameObject.cpp
  Model.cpp
  Sphere.cpp
  Input.cpp
  GameTimer.cpp
  Transform.cpp
  BaseLight.cpp
  DirectionalLight.cpp
  LightGroup.cpp
  Phong.cpp
  PointLight.cpp
  SpotLight.cpp
  AnimationManager.cpp
  ImGuiManager.cpp
  MeshManager.cpp
  ModelManager.cpp
  SceneManager.cpp
  TextureManager.cpp
  MathStructures.cpp
  Matrix4x4.cpp
  MyMath.cpp
  MyMatrix.cpp
  MyRandom.cpp
  Quaternion.cpp
  Vector3.cpp
  BaseEffect.cpp
  BaseParticle.cpp
  EffectSystem.cpp
  EffectSystemCamera.cpp
  EffectSystemEditer.cpp
  Emitter.cpp
  ParticleField.cpp
  ParticleForGPU.cpp
C:\Users\81801\source\repos\LC2\CG2\DirectX12\Project\Engine\Math\MyMatrix.cpp(74,17): warning C4459: 'kEpsilon' を宣言すると、グローバル宣言が隠蔽されます
      C:\Users\81801\source\repos\LC2\CG2\DirectX12\Project\Engine\Math\MyMath.h(17,20):
      'kEpsilon' の宣言を確認してください
  
  Render.cpp
  AnimationUtils.cpp
  Convert.cpp
  DirectXUtils.cpp
  DrawUtils.cpp
  Loader.cpp
  Shader.cpp
  WinApp.cpp
  imgui.cpp
  imgui_demo.cpp
  imgui_draw.cpp
  imgui_impl_dx12.cpp
  imgui_impl_win32.cpp
  imgui_tables.cpp
  imgui_widgets.cpp
  BaseCamera.cpp
  Camera.cpp
  DebugCamera.cpp
  BaseScene.cpp
  GameScene.cpp
  TestScene.cpp
  main.cpp
  DirectX12.vcxproj -> C:\Users\81801\source\repos\LC2\CG2\DirectX12\Generated\Outputs\Debug\DirectX12.exe
          1 個のファイルをコピーしました。
          1 個のファイルをコピーしました。
          1 個のファイルをコピーしました。
